<?xml version="1.0" encoding="UTF-8"?>
<testsuite name="is.ru.hugb.StringCalculatorTest" tests="5" skipped="0" failures="0" errors="0" timestamp="2017-10-14T18:16:51" hostname="MacBook" time="0.005">
  <properties/>
  <testcase name="TestOneNumber" classname="is.ru.hugb.StringCalculatorTest" time="0.002"/>
  <testcase name="TestNewLine" classname="is.ru.hugb.StringCalculatorTest" time="0.0"/>
  <testcase name="TestEmptyStringPass" classname="is.ru.hugb.StringCalculatorTest" time="0.001"/>
  <testcase name="TestTwoNumber" classname="is.ru.hugb.StringCalculatorTest" time="0.0"/>
  <testcase name="TestUnknownNumbers" classname="is.ru.hugb.StringCalculatorTest" time="0.0"/>
  <system-out><![CDATA[]]></system-out>
  <system-err><![CDATA[]]></system-err>
</testsuite>
