<?xml version="1.0" encoding="UTF-8"?>
<testsuite name="is.ru.hugb.StringCalculatorTest" tests="10" skipped="0" failures="0" errors="0" timestamp="2017-10-15T15:38:31" hostname="MacBook" time="0.007">
  <properties/>
  <testcase name="TestMinusUnknownNumber" classname="is.ru.hugb.StringCalculatorTest" time="0.002"/>
  <testcase name="TestMinusTwoNumber" classname="is.ru.hugb.StringCalculatorTest" time="0.0"/>
  <testcase name="TestOneNumber" classname="is.ru.hugb.StringCalculatorTest" time="0.001"/>
  <testcase name="TestNewLine" classname="is.ru.hugb.StringCalculatorTest" time="0.0"/>
  <testcase name="TestForDelimiterChange" classname="is.ru.hugb.StringCalculatorTest" time="0.0"/>
  <testcase name="TestForNumberHigherThan1000" classname="is.ru.hugb.StringCalculatorTest" time="0.0"/>
  <testcase name="TestMinusSingleNumber" classname="is.ru.hugb.StringCalculatorTest" time="0.0"/>
  <testcase name="TestEmptyStringPass" classname="is.ru.hugb.StringCalculatorTest" time="0.0"/>
  <testcase name="TestTwoNumber" classname="is.ru.hugb.StringCalculatorTest" time="0.001"/>
  <testcase name="TestUnknownNumbers" classname="is.ru.hugb.StringCalculatorTest" time="0.0"/>
  <system-out><![CDATA[]]></system-out>
  <system-err><![CDATA[]]></system-err>
</testsuite>
